[debug] [2021-06-14T11:05:35.918Z] ----------------------------------------------------------------------
[debug] [2021-06-14T11:05:35.922Z] Command:       C:\Program Files\nodejs\node.exe C:\Users\ballu\AppData\Roaming\npm\node_modules\firebase-tools\lib\bin\firebase.js init
[debug] [2021-06-14T11:05:35.923Z] CLI Version:   9.12.1
[debug] [2021-06-14T11:05:35.923Z] Platform:      win32
[debug] [2021-06-14T11:05:35.923Z] Node Version:  v14.15.5
[debug] [2021-06-14T11:05:35.925Z] Time:          Mon Jun 14 2021 16:35:35 GMT+0530 (India Standard Time)
[debug] [2021-06-14T11:05:35.926Z] ----------------------------------------------------------------------
[debug] 
[debug] [2021-06-14T11:05:35.938Z] > command requires scopes: ["email","openid","https://www.googleapis.com/auth/cloudplatformprojects.readonly","https://www.googleapis.com/auth/firebase","https://www.googleapis.com/auth/cloud-platform"]
[debug] [2021-06-14T11:05:35.938Z] > authorizing via signed-in user (181210015@nitdelhi.ac.in)
[info] 
     ######## #### ########  ######## ########     ###     ######  ########
     ##        ##  ##     ## ##       ##     ##  ##   ##  ##       ##
     ######    ##  ########  ######   ########  #########  ######  ######
     ##        ##  ##    ##  ##       ##     ## ##     ##       ## ##
     ##       #### ##     ## ######## ########  ##     ##  ######  ########

You're about to initialize a Firebase project in this directory:

  C:\Javascript\TinderClone\tinder-clone

Before we get started, keep in mind:

  * You are currently outside your home directory

[info] 
=== Project Setup
[info] 
[info] First, let's associate this project directory with a Firebase project.
[info] You can create multiple project aliases by running firebase use --add, 
[info] but for now we'll just set up a default project.
[info] 
[debug] [2021-06-14T11:05:49.623Z] >>> [apiv2][query] GET https://firebase.googleapis.com/v1beta1/projects pageSize=100
[debug] [2021-06-14T11:05:50.667Z] <<< [apiv2][status] GET https://firebase.googleapis.com/v1beta1/projects 200
[debug] [2021-06-14T11:05:50.667Z] <<< [apiv2][body] GET https://firebase.googleapis.com/v1beta1/projects [omitted]
[info] i  Using project tinder-clone-f2c0e (tinder-clone) 
[info] 
=== Hosting Setup
[info] 
[info] Your public directory is the folder (relative to your project directory) that
[info] will contain Hosting assets to be uploaded with firebase deploy. If you
[info] have a build process for your assets, use your build's output directory.
[info] 
[debug] [2021-06-14T11:06:32.202Z] >>> [apiv2][query] GET https://www.gstatic.com/firebasejs/releases.json [none]
[debug] [2021-06-14T11:06:32.445Z] <<< [apiv2][status] GET https://www.gstatic.com/firebasejs/releases.json 200
[debug] [2021-06-14T11:06:32.446Z] <<< [apiv2][body] GET https://www.gstatic.com/firebasejs/releases.json {"current":{"version":"8.6.7","browserURL":"https://www.gstatic.com/firebasejs/8.6.7/firebase.js","packageURL":"https://www.gstatic.com/firebasejs/8.6.7/firebase.tgz"},"live":{"version":"8.6","browserURL":"https://www.gstatic.com/firebasejs/live/8.6/firebase.js","packageURL":"https://www.gstatic.com/firebasejs/live/8.6/firebase.tgz"},"components":{"analytics":"https://www.gstatic.com/firebasejs/8.6.7/firebase-analytics.js","app":"https://www.gstatic.com/firebasejs/8.6.7/firebase-app.js","app-check":"https://www.gstatic.com/firebasejs/8.6.7/firebase-app-check.js","auth":"https://www.gstatic.com/firebasejs/8.6.7/firebase-auth.js","database":"https://www.gstatic.com/firebasejs/8.6.7/firebase-database.js","firestore":"https://www.gstatic.com/firebasejs/8.6.7/firebase-firestore.js","functions":"https://www.gstatic.com/firebasejs/8.6.7/firebase-functions.js","installations":"https://www.gstatic.com/firebasejs/8.6.7/firebase-installations.js","messaging":"https://www.gstatic.com/firebasejs/8.6.7/firebase-messaging.js","storage":"https://www.gstatic.com/firebasejs/8.6.7/firebase-storage.js","performance":"https://www.gstatic.com/firebasejs/8.6.7/firebase-performance.js","remote-config":"https://www.gstatic.com/firebasejs/8.6.7/firebase-remote-config.js","firestore.memory":"https://www.gstatic.com/firebasejs/8.6.7/firebase-firestore.memory.js"}}
[info] +  Wrote build/index.html 
[info] 
[info] i  Detected a .git folder at C:\Javascript\TinderClone\tinder-clone 
[info] i  Authorizing with GitHub to upload your service account to a GitHub repository's secrets store. 
[info] 
[info] Visit this URL on this device to log in:
[info] https://github.com/login/oauth/authorize?client_id=89cf50f02ac6aaed3484&state=783210997&redirect_uri=http%3A%2F%2Flocalhost%3A9005&scope=read%3Auser%20repo%20public_repo
[info] 
[info] Waiting for authentication...
[debug] [2021-06-14T11:06:52.919Z] >>> HTTP REQUEST POST https://github.com/login/oauth/access_token  
 {"client_id":"89cf50f02ac6aaed3484","client_secret":"3330d14abc895d9a74d5f17cd7a00711fa2c5bf0","code":"7111370d6c396a2d2f15","redirect_uri":"http://localhost:9005","state":"783210997"}
[debug] [2021-06-14T11:06:53.279Z] <<< HTTP RESPONSE 200 {"server":"GitHub.com","date":"Mon, 14 Jun 2021 11:06:53 GMT","content-type":"application/json; charset=utf-8","transfer-encoding":"chunked","vary":"X-PJAX, Accept-Encoding, Accept, X-Requested-With","permissions-policy":"interest-cohort=()","etag":"W/\"f0ec6024e87db7b205b070a1aa718565\"","cache-control":"max-age=0, private, must-revalidate","strict-transport-security":"max-age=31536000; includeSubdomains; preload","x-frame-options":"deny","x-content-type-options":"nosniff","x-xss-protection":"0","referrer-policy":"origin-when-cross-origin, strict-origin-when-cross-origin","expect-ct":"max-age=2592000, report-uri=\"https://api.github.com/_private/browser/errors\"","content-security-policy":"default-src 'none'; base-uri 'self'; block-all-mixed-content; connect-src 'self' uploads.github.com www.githubstatus.com collector.githubapp.com api.github.com github-cloud.s3.amazonaws.com github-production-repository-file-5c1aeb.s3.amazonaws.com github-production-upload-manifest-file-7fdce7.s3.amazonaws.com github-production-user-asset-6210df.s3.amazonaws.com html-translator.herokuapp.com cdn.optimizely.com logx.optimizely.com/v1/events wss://alive.github.com; font-src github.githubassets.com; form-action 'self' github.com gist.github.com; frame-ancestors 'none'; frame-src render.githubusercontent.com; img-src 'self' data: github.githubassets.com identicons.github.com collector.githubapp.com github-cloud.s3.amazonaws.com secured-user-images.githubusercontent.com/ *.githubusercontent.com; manifest-src 'self'; media-src 'none'; script-src github.githubassets.com; style-src 'unsafe-inline' github.githubassets.com; worker-src github.com/socket-worker-3f088aa2.js gist.github.com/socket-worker-3f088aa2.js","x-github-request-id":"D1EA:7AE1:BAF370:CBD615:60C7384D"}
[debug] [2021-06-14T11:06:53.326Z] >>> [apiv2][query] GET https://api.github.com/user [none]
[debug] [2021-06-14T11:06:53.818Z] <<< [apiv2][status] GET https://api.github.com/user 200
[debug] [2021-06-14T11:06:53.818Z] <<< [apiv2][body] GET https://api.github.com/user {"login":"balwant9654","id":51070727,"node_id":"MDQ6VXNlcjUxMDcwNzI3","avatar_url":"https://avatars.githubusercontent.com/u/51070727?v=4","gravatar_id":"","url":"https://api.github.com/users/balwant9654","html_url":"https://github.com/balwant9654","followers_url":"https://api.github.com/users/balwant9654/followers","following_url":"https://api.github.com/users/balwant9654/following{/other_user}","gists_url":"https://api.github.com/users/balwant9654/gists{/gist_id}","starred_url":"https://api.github.com/users/balwant9654/starred{/owner}{/repo}","subscriptions_url":"https://api.github.com/users/balwant9654/subscriptions","organizations_url":"https://api.github.com/users/balwant9654/orgs","repos_url":"https://api.github.com/users/balwant9654/repos","events_url":"https://api.github.com/users/balwant9654/events{/privacy}","received_events_url":"https://api.github.com/users/balwant9654/received_events","type":"User","site_admin":false,"name":null,"company":null,"blog":"","location":null,"email":null,"hireable":null,"bio":null,"twitter_username":null,"public_repos":15,"public_gists":0,"followers":1,"following":0,"created_at":"2019-05-27T05:23:00Z","updated_at":"2021-06-14T11:06:52Z","private_gists":0,"total_private_repos":1,"owned_private_repos":1,"disk_usage":38229,"collaborators":3,"two_factor_authentication":false,"plan":{"name":"free","space":976562499,"collaborators":0,"private_repos":10000}}
[info] 
[info] +  Success! Logged into GitHub as balwant9654 
[info] 
[debug] [2021-06-14T11:07:05.244Z] >>> [apiv2][query] GET https://api.github.com/repos//actions/secrets/public-key type=owner
[debug] [2021-06-14T11:07:05.788Z] <<< [apiv2][status] GET https://api.github.com/repos//actions/secrets/public-key 404
[debug] [2021-06-14T11:07:05.789Z] <<< [apiv2][body] GET https://api.github.com/repos//actions/secrets/public-key {"message":"Not Found","documentation_url":"https://docs.github.com/rest"}
[debug] [2021-06-14T11:07:07.802Z] >>> [apiv2][query] GET https://api.github.com/repos//actions/secrets/public-key type=owner
[debug] [2021-06-14T11:07:08.121Z] <<< [apiv2][status] GET https://api.github.com/repos//actions/secrets/public-key 404
[debug] [2021-06-14T11:07:08.122Z] <<< [apiv2][body] GET https://api.github.com/repos//actions/secrets/public-key {"message":"Not Found","documentation_url":"https://docs.github.com/rest"}
[debug] [2021-06-14T11:07:09.330Z] >>> [apiv2][query] GET https://api.github.com/repos/Y/actions/secrets/public-key type=owner
[debug] [2021-06-14T11:07:09.661Z] <<< [apiv2][status] GET https://api.github.com/repos/Y/actions/secrets/public-key 404
[debug] [2021-06-14T11:07:09.662Z] <<< [apiv2][body] GET https://api.github.com/repos/Y/actions/secrets/public-key {"message":"Not Found","documentation_url":"https://docs.github.com/rest"}
[debug] [2021-06-14T11:07:26.809Z] >>> [apiv2][query] GET https://api.github.com/repos/181210015@nitdelhi.ac.in/actions/secrets/public-key type=owner
[debug] [2021-06-14T11:07:27.415Z] <<< [apiv2][status] GET https://api.github.com/repos/181210015@nitdelhi.ac.in/actions/secrets/public-key 404
[debug] [2021-06-14T11:07:27.416Z] <<< [apiv2][body] GET https://api.github.com/repos/181210015@nitdelhi.ac.in/actions/secrets/public-key {"message":"Not Found","documentation_url":"https://docs.github.com/rest"}
[debug] [2021-06-14T11:07:40.199Z] >>> [apiv2][query] GET https://api.github.com/repos/www.ballubhai9999@gmail.com/actions/secrets/public-key type=owner
[debug] [2021-06-14T11:07:40.694Z] <<< [apiv2][status] GET https://api.github.com/repos/www.ballubhai9999@gmail.com/actions/secrets/public-key 404
[debug] [2021-06-14T11:07:40.694Z] <<< [apiv2][body] GET https://api.github.com/repos/www.ballubhai9999@gmail.com/actions/secrets/public-key {"message":"Not Found","documentation_url":"https://docs.github.com/rest"}
[debug] [2021-06-14T11:07:42.352Z] >>> [apiv2][query] GET https://api.github.com/repos//actions/secrets/public-key type=owner
[debug] [2021-06-14T11:07:42.702Z] <<< [apiv2][status] GET https://api.github.com/repos//actions/secrets/public-key 404
[debug] [2021-06-14T11:07:42.702Z] <<< [apiv2][body] GET https://api.github.com/repos//actions/secrets/public-key {"message":"Not Found","documentation_url":"https://docs.github.com/rest"}
